
--------------------------------------------------
TXLib предупреждает:

Программа: D:\Мигалов\PhotoRobot\bin\Debug\PhotoRobot.exe,

ВНЕЗАПНО: Нарушение доступа к памяти.

#1: Исключение EXCEPTION_ACCESS_VIOLATION (0xC0000005) при выполнении кода по адресу 0x772D4564 в функции RtlGetCurrentServiceSessionId(). Попытка прочесть данные по адресу NULL в модуле C:\Windows\SYSTEM32\ntdll.dll. Спасибо _txVectoredExceptionHandler(), что сообщил. Люблю его <3

#2: TXLib [Ver: 00173a, Rev: 171, Date: 2022-07-23 02:08:28 +0400], Instance: 0x005042FC (32-bit), Flags: CMdrE0, Thread: 0x1E14 (Canvas), GetLastError(): 6 (Неверный дескриптор). 

--------------------------------------------------
Стек вызовов:

# 0 0x772D4564 in C:\Windows\SYSTEM32\ntdll.dll: RtlGetCurrentServiceSessionId()
# 1 0x77317A5D in C:\Windows\SYSTEM32\ntdll.dll: RtlGetNtGlobalFlags()
# 2 0x772D3C26 in C:\Windows\SYSTEM32\ntdll.dll: RtlFreeHeap()
# 3 0x769A7379 in C:\Windows\System32\msvcrt.dll: free()

--------------------------------------------------
Стек вызовов TX:

# 0 in bool {anonymous}::TX::_txSymGetFromAddr(void*, {anonymous}::TX::Win32::SYMBOL_INFO**, {anonymous}::TX::Win32::IMAGEHLP_LINE64**, const char**, const char**, int) at c:\codeblocks\codeblocks\mingw\include\txlib.h (12249):

  12247: $   if (!addr && process)
  12248:         {
=>12249: $       _TX_CALL (LIB_::SymCleanup, (process));
  12250: 
  12251: $       process = NULL;

# 1 in void {anonymous}::TX::_txCleanup() at c:\codeblocks\codeblocks\mingw\include\txlib.h (9122):

   9120: $   _flushall();
   9121: 
=> 9122: $   _txSymGetFromAddr (NULL);
   9123: 
   9124:     // That's all, folks

# 2 in unsigned int {anonymous}::TX::_txCanvas_ThreadProc(void*) at c:\codeblocks\codeblocks\mingw\include\txlib.h (9769):

   9767: $   if (_txRunning && _txMain)         // Main window is destroyed but main() is still running.
   9768:         {                              // No chances for good termination, so use exit().
=> 9769: $       _txCleanup();
   9770: $       ::exit ((int) msg.wParam);     //-V202 //-V2509 //-V2014
   9771:         }

--------------------------------------------------
Developed with:

The Dumb Artist Library (TX Library)
TXLib [Ver: 00173a, Rev: 171, Date: 2022-07-23 02:08:28 +0400]
Copyright (C) Ded (Ilya Dedinsky, http://txlib.ru) <mail@txlib.ru>
See license on: http://txlib.ru

TXLib file:	c:\codeblocks\codeblocks\mingw\include\txlib.h
Compiled:	Sep  9 2022 19:12:18, GNU g++ 4.8.1, std=201103L, MinGW Runtime 3.20, 32-bit, DEBUG
Started:	Sep 09 2022 19:12:36

Run file:	D:\Мигалов\PhotoRobot\bin\Debug\PhotoRobot.exe
Directory:	D:\Мигалов\PhotoRobot

--------------------------------------------------

--------------------------------------------------
TXLib сообщает:

Программа: D:\Мигалов\PhotoRobot\bin\Debug\PhotoRobot.exe, файл: c:\codeblocks\codeblocks\mingw\include\txlib.h, строка: 13396, функция: bool {anonymous}::TX::txDrawText(double, double, double, double, const char*, unsigned int, HDC),

Сообщение: Параметр y0 = 200 больше, чем y1 = 90. Текст выводиться не будет.

#1: TXLib [Ver: 00173a, Rev: 171, Date: 2022-07-23 02:08:28 +0400], Instance: 0x005042FC (32-bit), Flags: CMdRE0, Thread: 0x2710 (Main), GetLastError(): 13 (Недопустимые данные). 

--------------------------------------------------
Стек вызовов:

# 0 0x0042024E in D:\Мигалов\PhotoRobot\bin\Debug\PhotoRobot.exe: txDrawText() at c:/codeblocks/codeblocks/mingw/include/txlib.h (13396)

# 1 0x0042BE5E in D:\Мигалов\PhotoRobot\bin\Debug\PhotoRobot.exe: main() at D:/Мигалов/PhotoRobot/main.cpp (31):

     29:       txSetColor(TX_BLACK);
     30:       txSelectFont("Times New Roman", 32);
=>   31:       txDrawText(100, 200, 200, 90, "Кнопка");
     32: 
     33: 

--------------------------------------------------
Стек вызовов TX:

# 0 in bool {anonymous}::TX::txDrawText(double, double, double, double, const char*, unsigned int, HDC) at c:\codeblocks\codeblocks\mingw\include\txlib.h (13396):

  13394:         {
  13395: $       SetLastError (ERROR_INVALID_DATA);
=>13396: $       TX_ERROR ("Параметр y0 = %g больше, чем y1 = %g. Текст выводиться не будет.", y0, y1);
  13397:         }
  13398: 

# 1 in int main() at D:\Мигалов\PhotoRobot\main.cpp (31):

     29:       txSetColor(TX_BLACK);
     30:       txSelectFont("Times New Roman", 32);
=>   31:       txDrawText(100, 200, 200, 90, "Кнопка");
     32: 
     33: 

--------------------------------------------------
Developed with:

The Dumb Artist Library (TX Library)
TXLib [Ver: 00173a, Rev: 171, Date: 2022-07-23 02:08:28 +0400]
Copyright (C) Ded (Ilya Dedinsky, http://txlib.ru) <mail@txlib.ru>
See license on: http://txlib.ru

TXLib file:	c:\codeblocks\codeblocks\mingw\include\txlib.h
Compiled:	Sep  9 2022 19:22:56, GNU g++ 4.8.1, std=201103L, MinGW Runtime 3.20, 32-bit, DEBUG
Started:	Sep 09 2022 19:23:15

Run file:	D:\Мигалов\PhotoRobot\bin\Debug\PhotoRobot.exe
Directory:	D:\Мигалов\PhotoRobot

--------------------------------------------------

--------------------------------------------------
TXLib сообщает:

Программа: D:\Мигалов\PhotoRobot\bin\Debug\PhotoRobot.exe, файл: c:\codeblocks\codeblocks\mingw\include\txlib.h, строка: 13396, функция: bool {anonymous}::TX::txDrawText(double, double, double, double, const char*, unsigned int, HDC),

Сообщение: Параметр y0 = 200 больше, чем y1 = 90. Текст выводиться не будет.

#1: TXLib [Ver: 00173a, Rev: 171, Date: 2022-07-23 02:08:28 +0400], Instance: 0x005042FC (32-bit), Flags: CMdRE0, Thread: 0x8F0 (Main), GetLastError(): 13 (Недопустимые данные). 

--------------------------------------------------
Стек вызовов:

# 0 0x0042024E in D:\Мигалов\PhotoRobot\bin\Debug\PhotoRobot.exe: txDrawText() at c:/codeblocks/codeblocks/mingw/include/txlib.h (13396)

# 1 0x0042BE5E in D:\Мигалов\PhotoRobot\bin\Debug\PhotoRobot.exe: main() at D:/Мигалов/PhotoRobot/main.cpp (31):

     29:       txSetColor(TX_BLACK);
     30:       txSelectFont("Times New Roman", 32);
=>   31:       txDrawText(100, 200, 200, 90, "Кнопка");
     32: 
     33: 

--------------------------------------------------
Стек вызовов TX:

# 0 in bool {anonymous}::TX::txDrawText(double, double, double, double, const char*, unsigned int, HDC) at c:\codeblocks\codeblocks\mingw\include\txlib.h (13396):

  13394:         {
  13395: $       SetLastError (ERROR_INVALID_DATA);
=>13396: $       TX_ERROR ("Параметр y0 = %g больше, чем y1 = %g. Текст выводиться не будет.", y0, y1);
  13397:         }
  13398: 

# 1 in int main() at D:\Мигалов\PhotoRobot\main.cpp (31):

     29:       txSetColor(TX_BLACK);
     30:       txSelectFont("Times New Roman", 32);
=>   31:       txDrawText(100, 200, 200, 90, "Кнопка");
     32: 
     33: 

--------------------------------------------------
Developed with:

The Dumb Artist Library (TX Library)
TXLib [Ver: 00173a, Rev: 171, Date: 2022-07-23 02:08:28 +0400]
Copyright (C) Ded (Ilya Dedinsky, http://txlib.ru) <mail@txlib.ru>
See license on: http://txlib.ru

TXLib file:	c:\codeblocks\codeblocks\mingw\include\txlib.h
Compiled:	Sep  9 2022 19:24:05, GNU g++ 4.8.1, std=201103L, MinGW Runtime 3.20, 32-bit, DEBUG
Started:	Sep 09 2022 19:24:24

Run file:	D:\Мигалов\PhotoRobot\bin\Debug\PhotoRobot.exe
Directory:	D:\Мигалов\PhotoRobot

--------------------------------------------------
